<?xml version="1.0" encoding="UTF-8"?>
<testsuite xmlns:xsi="http://www.w3.org/2001/XMLSchema-instance" xsi:noNamespaceSchemaLocation="https://maven.apache.org/surefire/maven-surefire-plugin/xsd/surefire-test-report.xsd" name="de.dimk.quickstartmavenarchetype.AppTest" time="0.033" tests="1" errors="0" skipped="0" failures="0">
  <properties>
    <property name="sun.desktop" value="windows"/>
    <property name="awt.toolkit" value="sun.awt.windows.WToolkit"/>
    <property name="file.encoding.pkg" value="sun.io"/>
    <property name="java.specification.version" value="1.8"/>
    <property name="sun.cpu.isalist" value="amd64"/>
    <property name="sun.jnu.encoding" value="Cp1252"/>
    <property name="java.class.path" value="C:\eclipse-workspaces\GIT\Spielwiese\z_bitbucket\quickstartmavenarchetype\target\test-classes;C:\eclipse-workspaces\GIT\Spielwiese\z_bitbucket\quickstartmavenarchetype\target\classes;C:\eclipse-workspaces\MAVEN_REPO\junit\junit\4.11\junit-4.11.jar;C:\eclipse-workspaces\MAVEN_REPO\org\hamcrest\hamcrest-core\1.3\hamcrest-core-1.3.jar;"/>
    <property name="java.vm.vendor" value="Oracle Corporation"/>
    <property name="sun.arch.data.model" value="64"/>
    <property name="user.variant" value=""/>
    <property name="java.vendor.url" value="http://java.oracle.com/"/>
    <property name="user.timezone" value=""/>
    <property name="java.vm.specification.version" value="1.8"/>
    <property name="os.name" value="Windows 7"/>
    <property name="user.country" value="DE"/>
    <property name="sun.java.launcher" value="SUN_STANDARD"/>
    <property name="sun.boot.library.path" value="C:\dev\Java\jdk1.8.0_111\jre\bin"/>
    <property name="sun.java.command" value="C:\dev\cygwin32\tmp\surefire6783158610795621261\surefirebooter2173422098255832100.jar C:\dev\cygwin32\tmp\surefire6783158610795621261 2018-06-14T17-24-54_762-jvmRun1 surefire8054407058839551111tmp surefire_04107806167201232225tmp"/>
    <property name="surefire.test.class.path" value="C:\eclipse-workspaces\GIT\Spielwiese\z_bitbucket\quickstartmavenarchetype\target\test-classes;C:\eclipse-workspaces\GIT\Spielwiese\z_bitbucket\quickstartmavenarchetype\target\classes;C:\eclipse-workspaces\MAVEN_REPO\junit\junit\4.11\junit-4.11.jar;C:\eclipse-workspaces\MAVEN_REPO\org\hamcrest\hamcrest-core\1.3\hamcrest-core-1.3.jar;"/>
    <property name="sun.cpu.endian" value="little"/>
    <property name="user.home" value="C:\Users\KORB009"/>
    <property name="user.language" value="de"/>
    <property name="java.specification.vendor" value="Oracle Corporation"/>
    <property name="java.home" value="C:\dev\Java\jdk1.8.0_111\jre"/>
    <property name="basedir" value="C:\eclipse-workspaces\GIT\Spielwiese\z_bitbucket\quickstartmavenarchetype"/>
    <property name="file.separator" value="\"/>
    <property name="line.separator" value="&#10;"/>
    <property name="java.vm.specification.vendor" value="Oracle Corporation"/>
    <property name="java.specification.name" value="Java Platform API Specification"/>
    <property name="java.awt.graphicsenv" value="sun.awt.Win32GraphicsEnvironment"/>
    <property name="surefire.real.class.path" value="C:\dev\cygwin32\tmp\surefire6783158610795621261\surefirebooter2173422098255832100.jar"/>
    <property name="sun.boot.class.path" value="C:\dev\Java\jdk1.8.0_111\jre\lib\resources.jar;C:\dev\Java\jdk1.8.0_111\jre\lib\rt.jar;C:\dev\Java\jdk1.8.0_111\jre\lib\sunrsasign.jar;C:\dev\Java\jdk1.8.0_111\jre\lib\jsse.jar;C:\dev\Java\jdk1.8.0_111\jre\lib\jce.jar;C:\dev\Java\jdk1.8.0_111\jre\lib\charsets.jar;C:\dev\Java\jdk1.8.0_111\jre\lib\jfr.jar;C:\dev\Java\jdk1.8.0_111\jre\classes"/>
    <property name="user.script" value=""/>
    <property name="sun.management.compiler" value="HotSpot 64-Bit Tiered Compilers"/>
    <property name="java.runtime.version" value="1.8.0_111-b14"/>
    <property name="user.name" value="korb009"/>
    <property name="path.separator" value=";"/>
    <property name="os.version" value="6.1"/>
    <property name="java.endorsed.dirs" value="C:\dev\Java\jdk1.8.0_111\jre\lib\endorsed"/>
    <property name="java.runtime.name" value="Java(TM) SE Runtime Environment"/>
    <property name="file.encoding" value="Cp1252"/>
    <property name="java.vm.name" value="Java HotSpot(TM) 64-Bit Server VM"/>
    <property name="localRepository" value="C:\eclipse-workspaces\MAVEN_REPO"/>
    <property name="java.vendor.url.bug" value="http://bugreport.sun.com/bugreport/"/>
    <property name="java.io.tmpdir" value="C:\dev\cygwin32\tmp\"/>
    <property name="java.version" value="1.8.0_111"/>
    <property name="user.dir" value="C:\eclipse-workspaces\GIT\Spielwiese\z_bitbucket\quickstartmavenarchetype"/>
    <property name="os.arch" value="amd64"/>
    <property name="java.vm.specification.name" value="Java Virtual Machine Specification"/>
    <property name="java.awt.printerjob" value="sun.awt.windows.WPrinterJob"/>
    <property name="sun.os.patch.level" value="Service Pack 1"/>
    <property name="java.library.path" value="C:\dev\Java\jdk1.8.0_111\jre\bin;C:\Windows\Sun\Java\bin;C:\Windows\system32;C:\Windows;C:\dev\cygwin32\usr\local\bin;C:\dev\cygwin32\bin;C:\ProgramData\Oracle\Java\javapath;C:\Program Files (x86)\Common Files\Oracle\Java\javapath;C:\Program Files (x86)\RSA SecurID Token Common;C:\Program Files\RSA SecurID Token Common;C:\dev;C:\dev\Java\jdk1.8.0_111\bin;C:\dev\maven\maven-3.2.5\bin;C:\dev\ant\apache-ant-1.6.5\bin;C:\Windows\system32;C:\Windows;C:\Windows\System32\Wbem;C:\Windows\System32\WindowsPowerShell\v1.0;C:\Windows\SysWOW64\Empirum;F:\start;C:\dev\Java\jdk1.8.0_111\bin;C:\Program Files\Intel\WiFi\bin;C:\Program Files\Common Files\Intel\WirelessCommon;C:\Program Files (x86)\Microsoft SQL Server\100\Tools\Binn\VSShell\Common7\IDE;C:\Program Files (x86)\Microsoft SQL Server\100\Tools\Binn;C:\Program Files\Microsoft SQL Server\100\Tools\Binn;C:\Program Files (x86)\Microsoft Visual Studio 9.0\Common7\IDE\PrivateAssemblies;C:\Program Files (x86)\Microsoft SQL Server\100\DTS\Binn;C:\Program Files\Microsoft SQL Server\100\DTS\Binn;C:\Program Files\TortoiseSVN\bin;C:\Program Files\Git\cmd;C:\Program Files\TortoiseGit\bin;C:\HashiCorp\Vagrant\bin;C:\Windows\System32\WindowsPowerShell\v1.0;C:\Users\KORB009\.babun;C:\Program Files\Docker Toolbox;C:\Users\KORB009\AppData\Local\atom\bin;."/>
    <property name="java.vm.info" value="mixed mode"/>
    <property name="java.vendor" value="Oracle Corporation"/>
    <property name="java.vm.version" value="25.111-b14"/>
    <property name="java.ext.dirs" value="C:\dev\Java\jdk1.8.0_111\jre\lib\ext;C:\Windows\Sun\Java\lib\ext"/>
    <property name="sun.io.unicode.encoding" value="UnicodeLittle"/>
    <property name="java.class.version" value="52.0"/>
  </properties>
  <testcase name="shouldAnswerWithTrue" classname="de.dimk.quickstartmavenarchetype.AppTest" time="0.002"/>
</testsuite>